#
# A fatal error has been detected by the Java Runtime Environment:
#
#  EXCEPTION_ACCESS_VIOLATION (0xc0000005) at pc=0x00007ffce77cc2c4, pid=22580, tid=16920
#
# JRE version: OpenJDK Runtime Environment Corretto-17.0.6.10.1 (17.0.6+10) (build 17.0.6+10-LTS)
# Java VM: OpenJDK 64-Bit Server VM Corretto-17.0.6.10.1 (17.0.6+10-LTS, mixed mode, sharing, tiered, compressed oops, compressed class ptrs, g1 gc, windows-amd64)
# Problematic frame:
# C  [cyjagent.dll+0xc2c4]
#
# No core dump will be written. Minidumps are not enabled by default on client versions of Windows
#
# If you would like to submit a bug report, please visit:
#   https://github.com/corretto/corretto-17/issues/
# The crash happened outside the Java Virtual Machine in native code.
# See problematic frame for where to report the bug.
#

---------------  S U M M A R Y ------------

Command Line: -javaagent:C:\Users\graham.kesley\AppData\Local\JetBrains\IntelliJ IDEA Community Edition 2022.3.2\lib\idea_rt.jar=59451:C:\Users\graham.kesley\AppData\Local\JetBrains\IntelliJ IDEA Community Edition 2022.3.2\bin -Dfile.encoding=UTF-8 -agentpath:C:\Program Files\Palo Alto Networks\Traps\cyjagent.dll dev.lpa.Main

Host: 12th Gen Intel(R) Core(TM) i7-1265U, 12 cores, 31G,  Windows 11 , 64 bit Build 22621 (10.0.22621.4391)
Time: Fri Feb 21 15:50:10 2025 GMT Standard Time elapsed time: 0.117072 seconds (0d 0h 0m 0s)

---------------  T H R E A D  ---------------

Current thread (0x000001fa4136dc80):  JavaThread "Monitor Ctrl-Break" daemon [_thread_in_native, id=16920, stack(0x0000004612c00000,0x0000004612d00000)]

Stack: [0x0000004612c00000,0x0000004612d00000],  sp=0x0000004612cfcea0,  free space=1011k
Native frames: (J=compiled Java code, j=interpreted, Vv=VM code, C=native code)
C  [cyjagent.dll+0xc2c4]

Java frames: (J=compiled Java code, j=interpreted, Vv=VM code)
j  jdk.net.ExtendedSocketOptions.<clinit>()V+84 jdk.net@17.0.6
v  ~StubRoutines::call_stub
j  java.lang.Class.forName0(Ljava/lang/String;ZLjava/lang/ClassLoader;Ljava/lang/Class;)Ljava/lang/Class;+0 java.base@17.0.6
j  java.lang.Class.forName(Ljava/lang/String;)Ljava/lang/Class;+11 java.base@17.0.6
j  sun.net.ext.ExtendedSocketOptions.getInstance()Lsun/net/ext/ExtendedSocketOptions;+12 java.base@17.0.6
j  sun.nio.ch.Net.<clinit>()V+210 java.base@17.0.6
v  ~StubRoutines::call_stub
j  sun.nio.ch.NioSocketImpl.create(Z)V+66 java.base@17.0.6
j  java.net.DelegatingSocketImpl.create(Z)V+5 java.base@17.0.6
j  java.net.Socket.createImpl(Z)V+16 java.base@17.0.6
j  java.net.Socket.<init>(Ljava/net/SocketAddress;Ljava/net/SocketAddress;Z)V+63 java.base@17.0.6
j  java.net.Socket.<init>(Ljava/lang/String;I)V+34 java.base@17.0.6
j  com.intellij.rt.execution.application.AppMainV2$1.run()V+10
v  ~StubRoutines::call_stub

siginfo: EXCEPTION_ACCESS_VIOLATION (0xc0000005), reading address 0x0000000000000000


Register to memory mapping:

RIP=0x00007ffce77cc2c4 cyjagent.dll
RAX=0x0 is NULL
RBX=0x000001fa4136df28 points into unknown readable memory: 0x00007ffc476962b0 | b0 62 69 47 fc 7f 00 00
RCX=0x0 is NULL
RDX=0x000001fa11e9c290 points into unknown readable memory: 0x000001fa4136dc80 | 80 dc 36 41 fa 01 00 00
RSP=0x0000004612cfcea0 is pointing into the stack for thread: 0x000001fa4136dc80
RBP=0x000001fa13edf8d0 points into unknown readable memory: 0x000001fa13e48740 | 40 87 e4 13 fa 01 00 00
RSI=0x0 is NULL
RDI=0x000001fa412912c0 points into unknown readable memory: 0x2f74656e2f6b646a | 6a 64 6b 2f 6e 65 74 2f
R8 =0x0000004612cfcd18 is pointing into the stack for thread: 0x000001fa4136dc80
R9 =0x0 is NULL
R10=0x0 is NULL
R11=0x0000000000000246 is an unknown value
R12=0x0 is NULL
R13=0x000001fa41413cf0 points into unknown readable memory: 0x0000000000000002 | 02 00 00 00 00 00 00 00
R14=0x0000004612cfd090 is pointing into the stack for thread: 0x000001fa4136dc80
R15=0x0 is NULL


Registers:
RAX=0x0000000000000000, RBX=0x000001fa4136df28, RCX=0x0000000000000000, RDX=0x000001fa11e9c290
RSP=0x0000004612cfcea0, RBP=0x000001fa13edf8d0, RSI=0x0000000000000000, RDI=0x000001fa412912c0
R8 =0x0000004612cfcd18, R9 =0x0000000000000000, R10=0x0000000000000000, R11=0x0000000000000246
R12=0x0000000000000000, R13=0x000001fa41413cf0, R14=0x0000004612cfd090, R15=0x0000000000000000
RIP=0x00007ffce77cc2c4, EFLAGS=0x0000000000010202

Top of Stack: (sp=0x0000004612cfcea0)
0x0000004612cfcea0:   000001fa412912c0 000001fa4136df28
0x0000004612cfceb0:   000001fa418a00d8 00007ffc46fadda7
0x0000004612cfcec0:   0000004612cfcfc0 00007ffc472dfc01
0x0000004612cfced0:   000001fa3e68e4b8 000001fa13edf8d0
0x0000004612cfcee0:   0000000000000033 000001fa4141d1d0
0x0000004612cfcef0:   000001fa14558b60 0000000000000000
0x0000004612cfcf00:   0000000000000000 00007ffc470bf107
0x0000004612cfcf10:   000001fa14558b60 000001fa4136dc80
0x0000004612cfcf20:   000001fa412912c0 0000000000000020
0x0000004612cfcf30:   000001fa412912c0 0000000000000000
0x0000004612cfcf40:   0000000000000f58 000001fa41290330
0x0000004612cfcf50:   0000004612cfd038 0000004612cfcf68
0x0000004612cfcf60:   000001fa00000000 0000000000000000
0x0000004612cfcf70:   000001fa41413cf0 000001fa41290320
0x0000004612cfcf80:   000001fa41291300 000001fa41298308
0x0000004612cfcf90:   00000000000083b0 000001fa4136dc80 

Instructions: (pc=0x00007ffce77cc2c4)
0x00007ffce77cc1c4:   00 00 03 72 2d 44 8b ce 48 8d 05 3d df 01 00 ba
0x00007ffce77cc1d4:   2f 00 00 00 4e 8b 0c c8 48 8b 89 10 03 00 00 4c
0x00007ffce77cc1e4:   8d 05 56 de 01 00 e8 51 4f ff ff 48 8b 0d ea 37
0x00007ffce77cc1f4:   02 00 48 3b cb 74 68 f6 81 1c 03 00 00 10 74 5f
0x00007ffce77cc204:   80 b9 19 03 00 00 02 72 56 4c 8b 8c 24 90 00 00
0x00007ffce77cc214:   00 4c 8d 05 24 de 01 00 48 8b 89 10 03 00 00 ba
0x00007ffce77cc224:   31 00 00 00 e8 13 4f ff ff eb 34 49 8b 0f 4c 8b
0x00007ffce77cc234:   c3 48 8b d6 e8 f3 63 00 00 48 8b 84 24 b0 00 00
0x00007ffce77cc244:   00 89 18 48 8b 0d 7a 4b 02 00 4c 8b c6 33 d2 ff
0x00007ffce77cc254:   15 a7 4f 01 00 eb 08 a8 02 75 04 c6 47 40 01 b8
0x00007ffce77cc264:   ff ff ff ff f0 0f c1 47 10 4c 8b b4 24 88 00 00
0x00007ffce77cc274:   00 83 f8 01 75 42 48 8b 4f 18 48 81 c1 70 01 00
0x00007ffce77cc284:   00 ff 15 1d 50 01 00 48 8b 0f 48 8b 47 08 48 89
0x00007ffce77cc294:   08 48 89 41 08 48 8b 4f 18 48 81 c1 70 01 00 00
0x00007ffce77cc2a4:   ff 15 06 50 01 00 48 8b 0d 17 4b 02 00 4c 8b c7
0x00007ffce77cc2b4:   33 d2 ff 15 44 4f 01 00 48 8b 4d 20 48 8b 55 10
0x00007ffce77cc2c4:   48 8b 01 48 8b 80 08 01 00 00 ff 15 0c 50 01 00
0x00007ffce77cc2d4:   85 c0 74 40 48 8b 0d 01 37 02 00 48 8d 15 fa 36
0x00007ffce77cc2e4:   02 00 48 3b ca 74 2d f6 81 1c 03 00 00 10 74 24
0x00007ffce77cc2f4:   80 b9 19 03 00 00 03 72 1b 48 8b 89 10 03 00 00
0x00007ffce77cc304:   4c 8d 05 35 dd 01 00 ba 15 00 00 00 44 8b c8 e8
0x00007ffce77cc314:   68 4d ff ff 48 8b 6c 24 78 48 8b b4 24 80 00 00
0x00007ffce77cc324:   00 48 83 c4 50 41 5f 5f 5b c3 cc cc 40 57 48 83
0x00007ffce77cc334:   ec 30 f6 81 78 01 00 00 04 48 8b f9 0f 85 87 02
0x00007ffce77cc344:   00 00 48 89 5c 24 40 45 33 c9 48 89 6c 24 48 33
0x00007ffce77cc354:   d2 48 89 74 24 50 48 8b 71 20 45 8d 41 32 48 8b
0x00007ffce77cc364:   ce 48 8b 06 48 8b 40 08 ff 15 6e 4f 01 00 48 8d
0x00007ffce77cc374:   2d 67 36 02 00 85 c0 74 37 48 8b 0d 5c 36 02 00
0x00007ffce77cc384:   48 3b cd 74 2b f6 81 1c 03 00 00 10 74 22 80 b9
0x00007ffce77cc394:   19 03 00 00 02 72 19 48 8b 89 10 03 00 00 ba 11
0x00007ffce77cc3a4:   00 00 00 89 44 24 20 44 8d 4a 21 e8 7c dc ff ff
0x00007ffce77cc3b4:   48 8b 06 45 33 c9 33 d2 48 8b ce 48 8b 40 08 45 


Stack slot to memory mapping:
stack at sp + 0 slots: 0x000001fa412912c0 points into unknown readable memory: 0x2f74656e2f6b646a | 6a 64 6b 2f 6e 65 74 2f
stack at sp + 1 slots: 0x000001fa4136df28 points into unknown readable memory: 0x00007ffc476962b0 | b0 62 69 47 fc 7f 00 00
stack at sp + 2 slots: {method} {0x000001fa418a00e0} 'group' '()Ljava/nio/file/attribute/GroupPrincipal;' in 'jdk/net/UnixDomainPrincipal'
stack at sp + 3 slots: 0x00007ffc46fadda7 jvm.dll
stack at sp + 4 slots: 0x0000004612cfcfc0 is pointing into the stack for thread: 0x000001fa4136dc80
stack at sp + 5 slots: 0x00007ffc472dfc01 jvm.dll
stack at sp + 6 slots: 0x000001fa3e68e4b8 points into unknown readable memory: 0x646a003317f7ffff | ff ff f7 17 33 00 6a 64
stack at sp + 7 slots: 0x000001fa13edf8d0 points into unknown readable memory: 0x000001fa13e48740 | 40 87 e4 13 fa 01 00 00


---------------  P R O C E S S  ---------------

Threads class SMR info:
_java_thread_list=0x000001fa41417a40, length=13, elements={
0x000001fa41224d90, 0x000001fa41226730, 0x000001fa412386a0, 0x000001fa41238d70,
0x000001fa4123b960, 0x000001fa41260270, 0x000001fa41267350, 0x000001fa41267d20,
0x000001fa41272250, 0x000001fa41371640, 0x000001fa41399810, 0x000001fa4136dc80,
0x000001fa4136e150
}

Java Threads: ( => current thread )
  0x000001fa41224d90 JavaThread "Reference Handler" daemon [_thread_blocked, id=21780, stack(0x0000004612100000,0x0000004612200000)]
  0x000001fa41226730 JavaThread "Finalizer" daemon [_thread_blocked, id=23472, stack(0x0000004612200000,0x0000004612300000)]
  0x000001fa412386a0 JavaThread "Signal Dispatcher" daemon [_thread_blocked, id=23356, stack(0x0000004612300000,0x0000004612400000)]
  0x000001fa41238d70 JavaThread "Attach Listener" daemon [_thread_blocked, id=21092, stack(0x0000004612400000,0x0000004612500000)]
  0x000001fa4123b960 JavaThread "Service Thread" daemon [_thread_blocked, id=24116, stack(0x0000004612500000,0x0000004612600000)]
  0x000001fa41260270 JavaThread "Monitor Deflation Thread" daemon [_thread_blocked, id=21792, stack(0x0000004612600000,0x0000004612700000)]
  0x000001fa41267350 JavaThread "C2 CompilerThread0" daemon [_thread_blocked, id=6968, stack(0x0000004612700000,0x0000004612800000)]
  0x000001fa41267d20 JavaThread "C1 CompilerThread0" daemon [_thread_blocked, id=8748, stack(0x0000004612800000,0x0000004612900000)]
  0x000001fa41272250 JavaThread "Sweeper thread" daemon [_thread_blocked, id=22340, stack(0x0000004612900000,0x0000004612a00000)]
  0x000001fa41371640 JavaThread "Common-Cleaner" daemon [_thread_blocked, id=2744, stack(0x0000004612a00000,0x0000004612b00000)]
  0x000001fa41399810 JavaThread "C2 CompilerThread1" daemon [_thread_blocked, id=7796, stack(0x0000004612b00000,0x0000004612c00000)]
=>0x000001fa4136dc80 JavaThread "Monitor Ctrl-Break" daemon [_thread_in_native, id=16920, stack(0x0000004612c00000,0x0000004612d00000)]
  0x000001fa4136e150 JavaThread "Notification Thread" daemon [_thread_blocked, id=14576, stack(0x0000004612d00000,0x0000004612e00000)]

Other Threads:
  0x000001fa3e6eebb0 VMThread "VM Thread" [stack: 0x0000004612000000,0x0000004612100000] [id=23336] _threads_hazard_ptr=0x000001fa41417a40
  0x000001fa3e530780 GCTaskThread "GC Thread#0" [stack: 0x0000004611b00000,0x0000004611c00000] [id=21536]
  0x000001fa11eddf40 ConcurrentGCThread "G1 Main Marker" terminated
  0x000001fa11ede950 ConcurrentGCThread "G1 Conc#0" [stack: 0x0000004611d00000,0x0000004611e00000] [id=21800]
  0x000001fa3e6281d0 ConcurrentGCThread "G1 Refine#0" terminated
  0x000001fa3e62b730 ConcurrentGCThread "G1 Service" terminated

Threads with active compile tasks:
C1 CompilerThread0      231  202       3       jdk.internal.org.objectweb.asm.SymbolTable::put (150 bytes)

VM state: at safepoint (normal execution)

VM Mutex/Monitor currently owned by a thread:  ([mutex/lock_event])
[0x000001fa14564ee0] Threads_lock - owner thread: 0x000001fa3e6eebb0
[0x000001fa14564d30] Heap_lock - owner thread: 0x000001fa4136efc0

Heap address: 0x0000000604c00000, size: 8116 MB, Compressed Oops mode: Zero based, Oop shift amount: 3

CDS archive(s) mapped at: [0x0000000800000000-0x0000000800bc0000-0x0000000800bc0000), size 12320768, SharedBaseAddress: 0x0000000800000000, ArchiveRelocationMode: 0.
Compressed class space mapped at: 0x0000000800c00000-0x0000000840c00000, reserved size: 1073741824
Narrow klass base: 0x0000000800000000, Narrow klass shift: 0, Narrow klass range: 0x100000000

GC Precious Log:
 CPUs: 12 total, 12 available
 Memory: 32452M
 Large Page Support: Disabled
 NUMA Support: Disabled
 Compressed Oops: Enabled (Zero based)
 Heap Region Size: 4M
 Heap Min Capacity: 8M
 Heap Initial Capacity: 508M
 Heap Max Capacity: 8116M
 Pre-touch: Disabled
 Parallel Workers: 10
 Concurrent Workers: 3
 Concurrent Refinement Workers: 10
 Periodic GC: Disabled

Heap:
 garbage-first heap   total 520192K, used 0K [0x0000000604c00000, 0x0000000800000000)
  region size 4096K, 1 young (4096K), 0 survivors (0K)
 Metaspace       used 708K, committed 896K, reserved 1056768K
  class space    used 44K, committed 128K, reserved 1048576K

Heap Regions: E=young(eden), S=young(survivor), O=old, HS=humongous(starts), HC=humongous(continues), CS=collection set, F=free, OA=open archive, CA=closed archive, TAMS=top-at-mark-start (previous, next)
|   0|0x0000000604c00000, 0x0000000604c00000, 0x0000000605000000|  0%| F|  |TAMS 0x0000000604c00000, 0x0000000604c00000| Untracked 
|   1|0x0000000605000000, 0x0000000605000000, 0x0000000605400000|  0%| F|  |TAMS 0x0000000605000000, 0x0000000605000000| Untracked 
|   2|0x0000000605400000, 0x0000000605400000, 0x0000000605800000|  0%| F|  |TAMS 0x0000000605400000, 0x0000000605400000| Untracked 
|   3|0x0000000605800000, 0x0000000605800000, 0x0000000605c00000|  0%| F|  |TAMS 0x0000000605800000, 0x0000000605800000| Untracked 
|   4|0x0000000605c00000, 0x0000000605c00000, 0x0000000606000000|  0%| F|  |TAMS 0x0000000605c00000, 0x0000000605c00000| Untracked 
|   5|0x0000000606000000, 0x0000000606000000, 0x0000000606400000|  0%| F|  |TAMS 0x0000000606000000, 0x0000000606000000| Untracked 
|   6|0x0000000606400000, 0x0000000606400000, 0x0000000606800000|  0%| F|  |TAMS 0x0000000606400000, 0x0000000606400000| Untracked 
|   7|0x0000000606800000, 0x0000000606800000, 0x0000000606c00000|  0%| F|  |TAMS 0x0000000606800000, 0x0000000606800000| Untracked 
|   8|0x0000000606c00000, 0x0000000606c00000, 0x0000000607000000|  0%| F|  |TAMS 0x0000000606c00000, 0x0000000606c00000| Untracked 
|   9|0x0000000607000000, 0x0000000607000000, 0x0000000607400000|  0%| F|  |TAMS 0x0000000607000000, 0x0000000607000000| Untracked 
|  10|0x0000000607400000, 0x0000000607400000, 0x0000000607800000|  0%| F|  |TAMS 0x0000000607400000, 0x0000000607400000| Untracked 
|  11|0x0000000607800000, 0x0000000607800000, 0x0000000607c00000|  0%| F|  |TAMS 0x0000000607800000, 0x0000000607800000| Untracked 
|  12|0x0000000607c00000, 0x0000000607c00000, 0x0000000608000000|  0%| F|  |TAMS 0x0000000607c00000, 0x0000000607c00000| Untracked 
|  13|0x0000000608000000, 0x0000000608000000, 0x0000000608400000|  0%| F|  |TAMS 0x0000000608000000, 0x0000000608000000| Untracked 
|  14|0x0000000608400000, 0x0000000608400000, 0x0000000608800000|  0%| F|  |TAMS 0x0000000608400000, 0x0000000608400000| Untracked 
|  15|0x0000000608800000, 0x0000000608800000, 0x0000000608c00000|  0%| F|  |TAMS 0x0000000608800000, 0x0000000608800000| Untracked 
|  16|0x0000000608c00000, 0x0000000608c00000, 0x0000000609000000|  0%| F|  |TAMS 0x0000000608c00000, 0x0000000608c00000| Untracked 
|  17|0x0000000609000000, 0x0000000609000000, 0x0000000609400000|  0%| F|  |TAMS 0x0000000609000000, 0x0000000609000000| Untracked 
|  18|0x0000000609400000, 0x0000000609400000, 0x0000000609800000|  0%| F|  |TAMS 0x0000000609400000, 0x0000000609400000| Untracked 
|  19|0x0000000609800000, 0x0000000609800000, 0x0000000609c00000|  0%| F|  |TAMS 0x0000000609800000, 0x0000000609800000| Untracked 
|  20|0x0000000609c00000, 0x0000000609c00000, 0x000000060a000000|  0%| F|  |TAMS 0x0000000609c00000, 0x0000000609c00000| Untracked 
|  21|0x000000060a000000, 0x000000060a000000, 0x000000060a400000|  0%| F|  |TAMS 0x000000060a000000, 0x000000060a000000| Untracked 
|  22|0x000000060a400000, 0x000000060a400000, 0x000000060a800000|  0%| F|  |TAMS 0x000000060a400000, 0x000000060a400000| Untracked 
|  23|0x000000060a800000, 0x000000060a800000, 0x000000060ac00000|  0%| F|  |TAMS 0x000000060a800000, 0x000000060a800000| Untracked 
|  24|0x000000060ac00000, 0x000000060ac00000, 0x000000060b000000|  0%| F|  |TAMS 0x000000060ac00000, 0x000000060ac00000| Untracked 
|  25|0x000000060b000000, 0x000000060b000000, 0x000000060b400000|  0%| F|  |TAMS 0x000000060b000000, 0x000000060b000000| Untracked 
|  26|0x000000060b400000, 0x000000060b400000, 0x000000060b800000|  0%| F|  |TAMS 0x000000060b400000, 0x000000060b400000| Untracked 
|  27|0x000000060b800000, 0x000000060b800000, 0x000000060bc00000|  0%| F|  |TAMS 0x000000060b800000, 0x000000060b800000| Untracked 
|  28|0x000000060bc00000, 0x000000060bc00000, 0x000000060c000000|  0%| F|  |TAMS 0x000000060bc00000, 0x000000060bc00000| Untracked 
|  29|0x000000060c000000, 0x000000060c000000, 0x000000060c400000|  0%| F|  |TAMS 0x000000060c000000, 0x000000060c000000| Untracked 
|  30|0x000000060c400000, 0x000000060c400000, 0x000000060c800000|  0%| F|  |TAMS 0x000000060c400000, 0x000000060c400000| Untracked 
|  31|0x000000060c800000, 0x000000060c800000, 0x000000060cc00000|  0%| F|  |TAMS 0x000000060c800000, 0x000000060c800000| Untracked 
|  32|0x000000060cc00000, 0x000000060cc00000, 0x000000060d000000|  0%| F|  |TAMS 0x000000060cc00000, 0x000000060cc00000| Untracked 
|  33|0x000000060d000000, 0x000000060d000000, 0x000000060d400000|  0%| F|  |TAMS 0x000000060d000000, 0x000000060d000000| Untracked 
|  34|0x000000060d400000, 0x000000060d400000, 0x000000060d800000|  0%| F|  |TAMS 0x000000060d400000, 0x000000060d400000| Untracked 
|  35|0x000000060d800000, 0x000000060d800000, 0x000000060dc00000|  0%| F|  |TAMS 0x000000060d800000, 0x000000060d800000| Untracked 
|  36|0x000000060dc00000, 0x000000060dc00000, 0x000000060e000000|  0%| F|  |TAMS 0x000000060dc00000, 0x000000060dc00000| Untracked 
|  37|0x000000060e000000, 0x000000060e000000, 0x000000060e400000|  0%| F|  |TAMS 0x000000060e000000, 0x000000060e000000| Untracked 
|  38|0x000000060e400000, 0x000000060e400000, 0x000000060e800000|  0%| F|  |TAMS 0x000000060e400000, 0x000000060e400000| Untracked 
|  39|0x000000060e800000, 0x000000060e800000, 0x000000060ec00000|  0%| F|  |TAMS 0x000000060e800000, 0x000000060e800000| Untracked 
|  40|0x000000060ec00000, 0x000000060ec00000, 0x000000060f000000|  0%| F|  |TAMS 0x000000060ec00000, 0x000000060ec00000| Untracked 
|  41|0x000000060f000000, 0x000000060f000000, 0x000000060f400000|  0%| F|  |TAMS 0x000000060f000000, 0x000000060f000000| Untracked 
|  42|0x000000060f400000, 0x000000060f400000, 0x000000060f800000|  0%| F|  |TAMS 0x000000060f400000, 0x000000060f400000| Untracked 
|  43|0x000000060f800000, 0x000000060f800000, 0x000000060fc00000|  0%| F|  |TAMS 0x000000060f800000, 0x000000060f800000| Untracked 
|  44|0x000000060fc00000, 0x000000060fc00000, 0x0000000610000000|  0%| F|  |TAMS 0x000000060fc00000, 0x000000060fc00000| Untracked 
|  45|0x0000000610000000, 0x0000000610000000, 0x0000000610400000|  0%| F|  |TAMS 0x0000000610000000, 0x0000000610000000| Untracked 
|  46|0x0000000610400000, 0x0000000610400000, 0x0000000610800000|  0%| F|  |TAMS 0x0000000610400000, 0x0000000610400000| Untracked 
|  47|0x0000000610800000, 0x0000000610800000, 0x0000000610c00000|  0%| F|  |TAMS 0x0000000610800000, 0x0000000610800000| Untracked 
|  48|0x0000000610c00000, 0x0000000610c00000, 0x0000000611000000|  0%| F|  |TAMS 0x0000000610c00000, 0x0000000610c00000| Untracked 
|  49|0x0000000611000000, 0x0000000611000000, 0x0000000611400000|  0%| F|  |TAMS 0x0000000611000000, 0x0000000611000000| Untracked 
|  50|0x0000000611400000, 0x0000000611400000, 0x0000000611800000|  0%| F|  |TAMS 0x0000000611400000, 0x0000000611400000| Untracked 
|  51|0x0000000611800000, 0x0000000611800000, 0x0000000611c00000|  0%| F|  |TAMS 0x0000000611800000, 0x0000000611800000| Untracked 
|  52|0x0000000611c00000, 0x0000000611c00000, 0x0000000612000000|  0%| F|  |TAMS 0x0000000611c00000, 0x0000000611c00000| Untracked 
|  53|0x0000000612000000, 0x0000000612000000, 0x0000000612400000|  0%| F|  |TAMS 0x0000000612000000, 0x0000000612000000| Untracked 
|  54|0x0000000612400000, 0x0000000612400000, 0x0000000612800000|  0%| F|  |TAMS 0x0000000612400000, 0x0000000612400000| Untracked 
|  55|0x0000000612800000, 0x0000000612800000, 0x0000000612c00000|  0%| F|  |TAMS 0x0000000612800000, 0x0000000612800000| Untracked 
|  56|0x0000000612c00000, 0x0000000612c00000, 0x0000000613000000|  0%| F|  |TAMS 0x0000000612c00000, 0x0000000612c00000| Untracked 
|  57|0x0000000613000000, 0x0000000613000000, 0x0000000613400000|  0%| F|  |TAMS 0x0000000613000000, 0x0000000613000000| Untracked 
|  58|0x0000000613400000, 0x0000000613400000, 0x0000000613800000|  0%| F|  |TAMS 0x0000000613400000, 0x0000000613400000| Untracked 
|  59|0x0000000613800000, 0x0000000613800000, 0x0000000613c00000|  0%| F|  |TAMS 0x0000000613800000, 0x0000000613800000| Untracked 
|  60|0x0000000613c00000, 0x0000000613c00000, 0x0000000614000000|  0%| F|  |TAMS 0x0000000613c00000, 0x0000000613c00000| Untracked 
|  61|0x0000000614000000, 0x0000000614000000, 0x0000000614400000|  0%| F|  |TAMS 0x0000000614000000, 0x0000000614000000| Untracked 
|  62|0x0000000614400000, 0x0000000614400000, 0x0000000614800000|  0%| F|  |TAMS 0x0000000614400000, 0x0000000614400000| Untracked 
|  63|0x0000000614800000, 0x0000000614800000, 0x0000000614c00000|  0%| F|  |TAMS 0x0000000614800000, 0x0000000614800000| Untracked 
|  64|0x0000000614c00000, 0x0000000614c00000, 0x0000000615000000|  0%| F|  |TAMS 0x0000000614c00000, 0x0000000614c00000| Untracked 
|  65|0x0000000615000000, 0x0000000615000000, 0x0000000615400000|  0%| F|  |TAMS 0x0000000615000000, 0x0000000615000000| Untracked 
|  66|0x0000000615400000, 0x0000000615400000, 0x0000000615800000|  0%| F|  |TAMS 0x0000000615400000, 0x0000000615400000| Untracked 
|  67|0x0000000615800000, 0x0000000615800000, 0x0000000615c00000|  0%| F|  |TAMS 0x0000000615800000, 0x0000000615800000| Untracked 
|  68|0x0000000615c00000, 0x0000000615c00000, 0x0000000616000000|  0%| F|  |TAMS 0x0000000615c00000, 0x0000000615c00000| Untracked 
|  69|0x0000000616000000, 0x0000000616000000, 0x0000000616400000|  0%| F|  |TAMS 0x0000000616000000, 0x0000000616000000| Untracked 
|  70|0x0000000616400000, 0x0000000616400000, 0x0000000616800000|  0%| F|  |TAMS 0x0000000616400000, 0x0000000616400000| Untracked 
|  71|0x0000000616800000, 0x0000000616800000, 0x0000000616c00000|  0%| F|  |TAMS 0x0000000616800000, 0x0000000616800000| Untracked 
|  72|0x0000000616c00000, 0x0000000616c00000, 0x0000000617000000|  0%| F|  |TAMS 0x0000000616c00000, 0x0000000616c00000| Untracked 
|  73|0x0000000617000000, 0x0000000617000000, 0x0000000617400000|  0%| F|  |TAMS 0x0000000617000000, 0x0000000617000000| Untracked 
|  74|0x0000000617400000, 0x0000000617400000, 0x0000000617800000|  0%| F|  |TAMS 0x0000000617400000, 0x0000000617400000| Untracked 
|  75|0x0000000617800000, 0x0000000617800000, 0x0000000617c00000|  0%| F|  |TAMS 0x0000000617800000, 0x0000000617800000| Untracked 
|  76|0x0000000617c00000, 0x0000000617c00000, 0x0000000618000000|  0%| F|  |TAMS 0x0000000617c00000, 0x0000000617c00000| Untracked 
|  77|0x0000000618000000, 0x0000000618000000, 0x0000000618400000|  0%| F|  |TAMS 0x0000000618000000, 0x0000000618000000| Untracked 
|  78|0x0000000618400000, 0x0000000618400000, 0x0000000618800000|  0%| F|  |TAMS 0x0000000618400000, 0x0000000618400000| Untracked 
|  79|0x0000000618800000, 0x0000000618800000, 0x0000000618c00000|  0%| F|  |TAMS 0x0000000618800000, 0x0000000618800000| Untracked 
|  80|0x0000000618c00000, 0x0000000618c00000, 0x0000000619000000|  0%| F|  |TAMS 0x0000000618c00000, 0x0000000618c00000| Untracked 
|  81|0x0000000619000000, 0x0000000619000000, 0x0000000619400000|  0%| F|  |TAMS 0x0000000619000000, 0x0000000619000000| Untracked 
|  82|0x0000000619400000, 0x0000000619400000, 0x0000000619800000|  0%| F|  |TAMS 0x0000000619400000, 0x0000000619400000| Untracked 
|  83|0x0000000619800000, 0x0000000619800000, 0x0000000619c00000|  0%| F|  |TAMS 0x0000000619800000, 0x0000000619800000| Untracked 
|  84|0x0000000619c00000, 0x0000000619c00000, 0x000000061a000000|  0%| F|  |TAMS 0x0000000619c00000, 0x0000000619c00000| Untracked 
|  85|0x000000061a000000, 0x000000061a000000, 0x000000061a400000|  0%| F|  |TAMS 0x000000061a000000, 0x000000061a000000| Untracked 
|  86|0x000000061a400000, 0x000000061a400000, 0x000000061a800000|  0%| F|  |TAMS 0x000000061a400000, 0x000000061a400000| Untracked 
|  87|0x000000061a800000, 0x000000061a800000, 0x000000061ac00000|  0%| F|  |TAMS 0x000000061a800000, 0x000000061a800000| Untracked 
|  88|0x000000061ac00000, 0x000000061ac00000, 0x000000061b000000|  0%| F|  |TAMS 0x000000061ac00000, 0x000000061ac00000| Untracked 
|  89|0x000000061b000000, 0x000000061b000000, 0x000000061b400000|  0%| F|  |TAMS 0x000000061b000000, 0x000000061b000000| Untracked 
|  90|0x000000061b400000, 0x000000061b400000, 0x000000061b800000|  0%| F|  |TAMS 0x000000061b400000, 0x000000061b400000| Untracked 
|  91|0x000000061b800000, 0x000000061b800000, 0x000000061bc00000|  0%| F|  |TAMS 0x000000061b800000, 0x000000061b800000| Untracked 
|  92|0x000000061bc00000, 0x000000061bc00000, 0x000000061c000000|  0%| F|  |TAMS 0x000000061bc00000, 0x000000061bc00000| Untracked 
|  93|0x000000061c000000, 0x000000061c000000, 0x000000061c400000|  0%| F|  |TAMS 0x000000061c000000, 0x000000061c000000| Untracked 
|  94|0x000000061c400000, 0x000000061c400000, 0x000000061c800000|  0%| F|  |TAMS 0x000000061c400000, 0x000000061c400000| Untracked 
|  95|0x000000061c800000, 0x000000061c800000, 0x000000061cc00000|  0%| F|  |TAMS 0x000000061c800000, 0x000000061c800000| Untracked 
|  96|0x000000061cc00000, 0x000000061cc00000, 0x000000061d000000|  0%| F|  |TAMS 0x000000061cc00000, 0x000000061cc00000| Untracked 
|  97|0x000000061d000000, 0x000000061d000000, 0x000000061d400000|  0%| F|  |TAMS 0x000000061d000000, 0x000000061d000000| Untracked 
|  98|0x000000061d400000, 0x000000061d400000, 0x000000061d800000|  0%| F|  |TAMS 0x000000061d400000, 0x000000061d400000| Untracked 
|  99|0x000000061d800000, 0x000000061d800000, 0x000000061dc00000|  0%| F|  |TAMS 0x000000061d800000, 0x000000061d800000| Untracked 
| 100|0x000000061dc00000, 0x000000061dc00000, 0x000000061e000000|  0%| F|  |TAMS 0x000000061dc00000, 0x000000061dc00000| Untracked 
| 101|0x000000061e000000, 0x000000061e000000, 0x000000061e400000|  0%| F|  |TAMS 0x000000061e000000, 0x000000061e000000| Untracked 
| 102|0x000000061e400000, 0x000000061e400000, 0x000000061e800000|  0%| F|  |TAMS 0x000000061e400000, 0x000000061e400000| Untracked 
| 103|0x000000061e800000, 0x000000061e800000, 0x000000061ec00000|  0%| F|  |TAMS 0x000000061e800000, 0x000000061e800000| Untracked 
| 104|0x000000061ec00000, 0x000000061ec00000, 0x000000061f000000|  0%| F|  |TAMS 0x000000061ec00000, 0x000000061ec00000| Untracked 
| 105|0x000000061f000000, 0x000000061f000000, 0x000000061f400000|  0%| F|  |TAMS 0x000000061f000000, 0x000000061f000000| Untracked 
| 106|0x000000061f400000, 0x000000061f400000, 0x000000061f800000|  0%| F|  |TAMS 0x000000061f400000, 0x000000061f400000| Untracked 
| 107|0x000000061f800000, 0x000000061f800000, 0x000000061fc00000|  0%| F|  |TAMS 0x000000061f800000, 0x000000061f800000| Untracked 
| 108|0x000000061fc00000, 0x000000061fc00000, 0x0000000620000000|  0%| F|  |TAMS 0x000000061fc00000, 0x000000061fc00000| Untracked 
| 109|0x0000000620000000, 0x0000000620000000, 0x0000000620400000|  0%| F|  |TAMS 0x0000000620000000, 0x0000000620000000| Untracked 
| 110|0x0000000620400000, 0x0000000620400000, 0x0000000620800000|  0%| F|  |TAMS 0x0000000620400000, 0x0000000620400000| Untracked 
| 111|0x0000000620800000, 0x0000000620800000, 0x0000000620c00000|  0%| F|  |TAMS 0x0000000620800000, 0x0000000620800000| Untracked 
| 112|0x0000000620c00000, 0x0000000620c00000, 0x0000000621000000|  0%| F|  |TAMS 0x0000000620c00000, 0x0000000620c00000| Untracked 
| 113|0x0000000621000000, 0x0000000621000000, 0x0000000621400000|  0%| F|  |TAMS 0x0000000621000000, 0x0000000621000000| Untracked 
| 114|0x0000000621400000, 0x0000000621400000, 0x0000000621800000|  0%| F|  |TAMS 0x0000000621400000, 0x0000000621400000| Untracked 
| 115|0x0000000621800000, 0x0000000621800000, 0x0000000621c00000|  0%| F|  |TAMS 0x0000000621800000, 0x0000000621800000| Untracked 
| 116|0x0000000621c00000, 0x0000000621c00000, 0x0000000622000000|  0%| F|  |TAMS 0x0000000621c00000, 0x0000000621c00000| Untracked 
| 117|0x0000000622000000, 0x0000000622000000, 0x0000000622400000|  0%| F|  |TAMS 0x0000000622000000, 0x0000000622000000| Untracked 
| 118|0x0000000622400000, 0x0000000622400000, 0x0000000622800000|  0%| F|  |TAMS 0x0000000622400000, 0x0000000622400000| Untracked 
| 119|0x0000000622800000, 0x0000000622800000, 0x0000000622c00000|  0%| F|  |TAMS 0x0000000622800000, 0x0000000622800000| Untracked 
| 120|0x0000000622c00000, 0x0000000622c00000, 0x0000000623000000|  0%| F|  |TAMS 0x0000000622c00000, 0x0000000622c00000| Untracked 
| 121|0x0000000623000000, 0x0000000623000000, 0x0000000623400000|  0%| F|  |TAMS 0x0000000623000000, 0x0000000623000000| Untracked 
| 122|0x0000000623400000, 0x0000000623400000, 0x0000000623800000|  0%| F|  |TAMS 0x0000000623400000, 0x0000000623400000| Untracked 
| 123|0x0000000623800000, 0x0000000623800000, 0x0000000623c00000|  0%| F|  |TAMS 0x0000000623800000, 0x0000000623800000| Untracked 
| 124|0x0000000623c00000, 0x0000000623c00000, 0x0000000624000000|  0%| F|  |TAMS 0x0000000623c00000, 0x0000000623c00000| Untracked 
| 125|0x0000000624000000, 0x0000000624000000, 0x0000000624400000|  0%| F|  |TAMS 0x0000000624000000, 0x0000000624000000| Untracked 
| 126|0x0000000624400000, 0x000000062475c928, 0x0000000624800000| 84%| E|  |TAMS 0x0000000624400000, 0x0000000624400000| Complete 

Card table byte_map: [0x000001fa2c790000,0x000001fa2d770000] _byte_map_base: 0x000001fa2976a000

Marking Bits (Prev, Next): (CMBitMap*) 0x000001fa145d4be0, (CMBitMap*) 0x000001fa145d4c20
 Prev Bits: [0x000001fa2e750000, 0x000001fa36620000)
 Next Bits: [0x000001fa36620000, 0x000001fa3e4f0000)

Polling page: 0x000001fa12340000

Metaspace:

Usage:
  Non-class:    664.19 KB used.
      Class:     44.19 KB used.
       Both:    708.38 KB used.

Virtual space:
  Non-class space:        8.00 MB reserved,     768.00 KB (  9%) committed,  1 nodes.
      Class space:        1.00 GB reserved,     128.00 KB ( <1%) committed,  1 nodes.
             Both:        1.01 GB reserved,     896.00 KB ( <1%) committed. 

Chunk freelists:
   Non-Class:  3.97 MB
       Class:  3.74 MB
        Both:  7.71 MB

MaxMetaspaceSize: unlimited
CompressedClassSpaceSize: 1.00 GB
Initial GC threshold: 21.00 MB
Current GC threshold: 21.00 MB
CDS: on
MetaspaceReclaimPolicy: balanced
 - commit_granule_bytes: 65536.
 - commit_granule_words: 8192.
 - virtual_space_node_default_size: 1048576.
 - enlarge_chunks_in_place: 1.
 - new_chunks_are_fully_committed: 0.
 - uncommit_free_chunks: 1.
 - use_allocation_guard: 0.
 - handle_deallocations: 1.


Internal statistics:

num_allocs_failed_limit: 0.
num_arena_births: 22.
num_arena_deaths: 0.
num_vsnodes_births: 2.
num_vsnodes_deaths: 0.
num_space_committed: 14.
num_space_uncommitted: 0.
num_chunks_returned_to_freelist: 0.
num_chunks_taken_from_freelist: 26.
num_chunk_merges: 0.
num_chunk_splits: 16.
num_chunks_enlarged: 10.
num_purges: 0.
num_inconsistent_stats: 0.

CodeHeap 'non-profiled nmethods': size=120000Kb used=75Kb max_used=75Kb free=119924Kb
 bounds [0x000001fa23b00000, 0x000001fa23d70000, 0x000001fa2b030000]
CodeHeap 'profiled nmethods': size=120000Kb used=177Kb max_used=177Kb free=119822Kb
 bounds [0x000001fa1c030000, 0x000001fa1c2a0000, 0x000001fa23560000]
CodeHeap 'non-nmethods': size=5760Kb used=1122Kb max_used=1129Kb free=4638Kb
 bounds [0x000001fa23560000, 0x000001fa237d0000, 0x000001fa23b00000]
 total_blobs=602 nmethods=199 adapters=316
 compilation: enabled
              stopped_count=0, restarted_count=0
 full_count=0

Compilation events (20 events):
Event: 0.103 Thread 0x000001fa41267d20 nmethod 173 0x000001fa1c059910 code [0x000001fa1c059ac0, 0x000001fa1c059c78]
Event: 0.103 Thread 0x000001fa41267d20  186       1       sun.invoke.util.Wrapper::basicTypeChar (5 bytes)
Event: 0.103 Thread 0x000001fa41267d20 nmethod 186 0x000001fa23b11d90 code [0x000001fa23b11f20, 0x000001fa23b11ff8]
Event: 0.103 Thread 0x000001fa41267d20  182       1       java.lang.invoke.MethodTypeForm::erasedType (5 bytes)
Event: 0.103 Thread 0x000001fa41267d20 nmethod 182 0x000001fa23b12090 code [0x000001fa23b12220, 0x000001fa23b122f8]
Event: 0.103 Thread 0x000001fa41267d20  191       3       java.lang.Math::max (11 bytes)
Event: 0.103 Thread 0x000001fa41267d20 nmethod 191 0x000001fa1c059d90 code [0x000001fa1c059f20, 0x000001fa1c05a058]
Event: 0.103 Thread 0x000001fa41267d20  193       3       jdk.internal.org.objectweb.asm.SymbolTable::hash (10 bytes)
Event: 0.103 Thread 0x000001fa41267d20 nmethod 193 0x000001fa1c05a110 code [0x000001fa1c05a2a0, 0x000001fa1c05a3c8]
Event: 0.103 Thread 0x000001fa41267d20  192       3       java.lang.reflect.Modifier::isStatic (13 bytes)
Event: 0.103 Thread 0x000001fa41267d20 nmethod 192 0x000001fa1c05a490 code [0x000001fa1c05a620, 0x000001fa1c05a778]
Event: 0.103 Thread 0x000001fa41267d20  195       3       java.lang.invoke.MemberName::isStatic (8 bytes)
Event: 0.103 Thread 0x000001fa41267d20 nmethod 195 0x000001fa1c05a810 code [0x000001fa1c05a9a0, 0x000001fa1c05ab78]
Event: 0.104 Thread 0x000001fa41267d20  198       3       java.lang.invoke.MethodType$ConcurrentWeakInternSet::get (47 bytes)
Event: 0.104 Thread 0x000001fa41267d20 nmethod 198 0x000001fa1c05ac10 code [0x000001fa1c05ae40, 0x000001fa1c05b7d8]
Event: 0.104 Thread 0x000001fa41267d20  200       3       jdk.internal.org.objectweb.asm.SymbolTable$Entry::<init> (17 bytes)
Event: 0.104 Thread 0x000001fa41267d20 nmethod 200 0x000001fa1c05bb10 code [0x000001fa1c05bcc0, 0x000001fa1c05be48]
Event: 0.104 Thread 0x000001fa41267d20  201       3       jdk.internal.org.objectweb.asm.Symbol::<init> (38 bytes)
Event: 0.104 Thread 0x000001fa41267d20 nmethod 201 0x000001fa1c05bf10 code [0x000001fa1c05c0c0, 0x000001fa1c05c378]
Event: 0.104 Thread 0x000001fa41267d20  202       3       jdk.internal.org.objectweb.asm.SymbolTable::put (150 bytes)

GC Heap History (0 events):
No events

Dll operation events (8 events):
Event: 0.012 Loaded shared library C:\Users\graham.kesley\.jdks\corretto-17.0.6\bin\java.dll
Event: 0.020 Loaded shared library C:\Users\graham.kesley\.jdks\corretto-17.0.6\bin\jsvml.dll
Event: 0.068 Loaded shared library C:\Users\graham.kesley\.jdks\corretto-17.0.6\bin\zip.dll
Event: 0.070 Loaded shared library C:\Users\graham.kesley\.jdks\corretto-17.0.6\bin\instrument.dll
Event: 0.078 Loaded shared library C:\Users\graham.kesley\.jdks\corretto-17.0.6\bin\net.dll
Event: 0.080 Loaded shared library C:\Users\graham.kesley\.jdks\corretto-17.0.6\bin\nio.dll
Event: 0.084 Loaded shared library C:\Users\graham.kesley\.jdks\corretto-17.0.6\bin\zip.dll
Event: 0.088 Loaded shared library C:\Users\graham.kesley\AppData\Local\JetBrains\IntelliJ IDEA Community Edition 2022.3.2\bin\breakgen64.dll

Deoptimization events (0 events):
No events

Classes unloaded (0 events):
No events

Classes redefined (4 events):
Event: 0.090 Thread 0x000001fa3e6eebb0 redefined class name=java.io.FileOutputStream, count=1
Event: 0.092 Thread 0x000001fa3e6eebb0 redefined class name=java.nio.file.Files, count=1
Event: 0.093 Thread 0x000001fa3e6eebb0 redefined class name=java.io.File, count=1
Event: 0.094 Thread 0x000001fa3e6eebb0 redefined class name=java.net.URLStreamHandler, count=1

Internal exceptions (1 events):
Event: 0.098 Thread 0x000001fa4136dc80 Exception <a 'java/lang/NoSuchMethodError'{0x000000062466b2d8}: 'java.lang.Object java.lang.invoke.DirectMethodHandle$Holder.invokeStaticInit(java.lang.Object)'> (0x000000062466b2d8) 
thrown [s\src\hotspot\share\interpreter\linkResolver.cpp, line 759]

VM Operations (10 events):
Event: 0.090 Executing VM operation: RedefineClasses
Event: 0.090 Executing VM operation: RedefineClasses done
Event: 0.091 Executing VM operation: RedefineClasses
Event: 0.092 Executing VM operation: RedefineClasses done
Event: 0.093 Executing VM operation: RedefineClasses
Event: 0.093 Executing VM operation: RedefineClasses done
Event: 0.094 Executing VM operation: RedefineClasses
Event: 0.094 Executing VM operation: RedefineClasses done
Event: 0.097 Executing VM operation: HandshakeAllThreads
Event: 0.097 Executing VM operation: HandshakeAllThreads done

Events (20 events):
Event: 0.103 loading class sun/nio/ch/Net
Event: 0.104 loading class sun/nio/ch/Net done
Event: 0.104 loading class sun/nio/ch/Net$1
Event: 0.104 loading class java/net/ProtocolFamily
Event: 0.104 loading class java/net/ProtocolFamily done
Event: 0.104 loading class sun/nio/ch/Net$1 done
Event: 0.104 loading class sun/net/ext/ExtendedSocketOptions
Event: 0.104 loading class sun/net/ext/ExtendedSocketOptions done
Event: 0.104 loading class jdk/net/ExtendedSocketOptions
Event: 0.104 Thread 0x000001fa1456a300 Thread exited: 0x000001fa1456a300
Event: 0.104 loading class jdk/net/ExtendedSocketOptions done
Event: 0.104 loading class jdk/net/ExtendedSocketOptions$ExtSocketOption
Event: 0.104 Thread 0x000001fa4136efc0 Thread added: 0x000001fa4136efc0
Event: 0.104 loading class java/net/SocketOption
Event: 0.104 loading class java/net/SocketOption done
Event: 0.104 loading class jdk/net/ExtendedSocketOptions$ExtSocketOption done
Event: 0.104 loading class jdk/net/UnixDomainPrincipal
Event: 0.104 loading class jdk/net/UnixDomainPrincipal done
Event: 0.104 loading class jdk/net/ExtendedSocketOptions$PlatformSocketOptions
Event: 0.105 Thread 0x000001fa4136efc0 Thread exited: 0x000001fa4136efc0


Dynamic libraries:
0x00007ff68ff40000 - 0x00007ff68ff4d000 	C:\Users\graham.kesley\.jdks\corretto-17.0.6\bin\java.exe
0x00007ffce8090000 - 0x00007ffce82a7000 	C:\WINDOWS\SYSTEM32\ntdll.dll
0x00007ffce7dd0000 - 0x00007ffce7e94000 	C:\WINDOWS\System32\KERNEL32.DLL
0x00007ffce7a10000 - 0x00007ffce7dca000 	C:\WINDOWS\System32\KERNELBASE.dll
0x0000000072010000 - 0x000000007204c000 	C:\WINDOWS\System32\cyinjct.dll
0x00007ffce78a0000 - 0x00007ffce78a9000 	C:\WINDOWS\System32\ntnativeapi.dll
0x00007ffcc79b0000 - 0x00007ffcc79c7000 	C:\Users\graham.kesley\.jdks\corretto-17.0.6\bin\jli.dll
0x000001fa11fc0000 - 0x000001fa1216e000 	C:\WINDOWS\System32\USER32.dll
0x00007ffce5460000 - 0x00007ffce5486000 	C:\WINDOWS\System32\win32u.dll
0x00007ffce73d0000 - 0x00007ffce73f9000 	C:\WINDOWS\System32\GDI32.dll
0x00007ffce5770000 - 0x00007ffce588b000 	C:\WINDOWS\System32\gdi32full.dll
0x00007ffce5220000 - 0x00007ffce52ba000 	C:\WINDOWS\System32\msvcp_win.dll
0x000001fa12170000 - 0x000001fa12281000 	C:\WINDOWS\System32\ucrtbase.dll
0x00007ffcc7990000 - 0x00007ffcc79a5000 	C:\Users\graham.kesley\.jdks\corretto-17.0.6\bin\VCRUNTIME140.dll
0x00007ffcc7cc0000 - 0x00007ffcc7f52000 	C:\WINDOWS\WinSxS\amd64_microsoft.windows.common-controls_6595b64144ccf1df_6.0.22621.4541_none_2710d1c57384c085\COMCTL32.dll
0x00007ffce6d30000 - 0x00007ffce6dd7000 	C:\WINDOWS\System32\msvcrt.dll
0x00007ffce7880000 - 0x00007ffce789e000 	C:\WINDOWS\System32\cyvera.dll
0x00007ffce7800000 - 0x00007ffce7875000 	C:\WINDOWS\System32\cyvrtrap.dll
0x00007ffce76d0000 - 0x00007ffce7701000 	C:\WINDOWS\System32\IMM32.DLL
0x00007ffcb7f90000 - 0x00007ffcb802b000 	C:\Users\graham.kesley\.jdks\corretto-17.0.6\bin\msvcp140.dll
0x00007ffc46bc0000 - 0x00007ffc477d8000 	C:\Users\graham.kesley\.jdks\corretto-17.0.6\bin\server\jvm.dll
0x00007ffce68e0000 - 0x00007ffce6992000 	C:\WINDOWS\System32\ADVAPI32.dll
0x00007ffce7710000 - 0x00007ffce77b7000 	C:\WINDOWS\System32\sechost.dll
0x00007ffce5490000 - 0x00007ffce54b8000 	C:\WINDOWS\System32\bcrypt.dll
0x00007ffce78f0000 - 0x00007ffce7a04000 	C:\WINDOWS\System32\RPCRT4.dll
0x00007ffcb81c0000 - 0x00007ffcb81c9000 	C:\WINDOWS\SYSTEM32\WSOCK32.dll
0x00007ffce69a0000 - 0x00007ffce6a11000 	C:\WINDOWS\System32\WS2_32.dll
0x00007ffcd68c0000 - 0x00007ffcd68f4000 	C:\WINDOWS\SYSTEM32\WINMM.dll
0x00007ffcd5f40000 - 0x00007ffcd5f4a000 	C:\WINDOWS\SYSTEM32\VERSION.dll
0x00007ffce4130000 - 0x00007ffce4148000 	C:\WINDOWS\SYSTEM32\kernel.appcore.dll
0x00007ffcdcfe0000 - 0x00007ffcdcfea000 	C:\Users\graham.kesley\.jdks\corretto-17.0.6\bin\jimage.dll
0x00007ffce2850000 - 0x00007ffce2a82000 	C:\WINDOWS\SYSTEM32\DBGHELP.DLL
0x00007ffce5ab0000 - 0x00007ffce5e41000 	C:\WINDOWS\System32\combase.dll
0x00007ffce7440000 - 0x00007ffce7517000 	C:\WINDOWS\System32\OLEAUT32.dll
0x00007ffcd5730000 - 0x00007ffcd5762000 	C:\WINDOWS\SYSTEM32\dbgcore.DLL
0x00007ffce56f0000 - 0x00007ffce576b000 	C:\WINDOWS\System32\bcryptPrimitives.dll
0x00007ffcd6490000 - 0x00007ffcd649e000 	C:\Users\graham.kesley\.jdks\corretto-17.0.6\bin\instrument.dll
0x00007ffcbd1a0000 - 0x00007ffcbd1c5000 	C:\Users\graham.kesley\.jdks\corretto-17.0.6\bin\java.dll
0x00007ffce77c0000 - 0x00007ffce77f7000 	C:\Program Files\Palo Alto Networks\Traps\cyjagent.dll
0x00007ffca0830000 - 0x00007ffca0906000 	C:\Users\graham.kesley\.jdks\corretto-17.0.6\bin\jsvml.dll
0x00007ffce5fc0000 - 0x00007ffce6839000 	C:\WINDOWS\System32\SHELL32.dll
0x00007ffce2e40000 - 0x00007ffce3749000 	C:\WINDOWS\SYSTEM32\windows.storage.dll
0x00007ffce2d00000 - 0x00007ffce2e3f000 	C:\WINDOWS\SYSTEM32\wintypes.dll
0x00007ffce6c30000 - 0x00007ffce6d2a000 	C:\WINDOWS\System32\SHCORE.dll
0x00007ffce7270000 - 0x00007ffce72ce000 	C:\WINDOWS\System32\shlwapi.dll
0x00007ffce5150000 - 0x00007ffce517b000 	C:\WINDOWS\SYSTEM32\profapi.dll
0x00007ffcc1610000 - 0x00007ffcc1628000 	C:\Users\graham.kesley\.jdks\corretto-17.0.6\bin\zip.dll
0x00007ffcbf7c0000 - 0x00007ffcbf7d9000 	C:\Users\graham.kesley\.jdks\corretto-17.0.6\bin\net.dll
0x00007ffce4150000 - 0x00007ffce4286000 	C:\WINDOWS\SYSTEM32\WINHTTP.dll
0x00007ffce46e0000 - 0x00007ffce4749000 	C:\WINDOWS\system32\mswsock.dll
0x00007ffcbe6d0000 - 0x00007ffcbe6e5000 	C:\Users\graham.kesley\.jdks\corretto-17.0.6\bin\nio.dll
0x00007ffcbd0a0000 - 0x00007ffcbd0ba000 	C:\Users\graham.kesley\AppData\Local\JetBrains\IntelliJ IDEA Community Edition 2022.3.2\bin\breakgen64.dll

dbghelp: loaded successfully - version: 4.0.5 - missing functions: none
symbol engine: initialized successfully - sym options: 0x614 - pdb path: .;C:\Users\graham.kesley\.jdks\corretto-17.0.6\bin;C:\WINDOWS\SYSTEM32;C:\WINDOWS\WinSxS\amd64_microsoft.windows.common-controls_6595b64144ccf1df_6.0.22621.4541_none_2710d1c57384c085;C:\Users\graham.kesley\.jdks\corretto-17.0.6\bin\server;C:\Program Files\Palo Alto Networks\Traps;C:\Users\graham.kesley\AppData\Local\JetBrains\IntelliJ IDEA Community Edition 2022.3.2\bin

VM Arguments:
jvm_args: -javaagent:C:\Users\graham.kesley\AppData\Local\JetBrains\IntelliJ IDEA Community Edition 2022.3.2\lib\idea_rt.jar=59451:C:\Users\graham.kesley\AppData\Local\JetBrains\IntelliJ IDEA Community Edition 2022.3.2\bin -Dfile.encoding=UTF-8 -agentpath:C:\Program Files\Palo Alto Networks\Traps\cyjagent.dll 
java_command: dev.lpa.Main
java_class_path (initial): C:\Users\graham.kesley\IdeaProjects\ArraysProject\out\production\ArraysProject
Launcher Type: SUN_STANDARD

[Global flags]
     intx CICompilerCount                          = 4                                         {product} {ergonomic}
     uint ConcGCThreads                            = 3                                         {product} {ergonomic}
     uint G1ConcRefinementThreads                  = 10                                        {product} {ergonomic}
   size_t G1HeapRegionSize                         = 4194304                                   {product} {ergonomic}
    uintx GCDrainStackTargetSize                   = 64                                        {product} {ergonomic}
   size_t InitialHeapSize                          = 532676608                                 {product} {ergonomic}
   size_t MarkStackSize                            = 4194304                                   {product} {ergonomic}
   size_t MaxHeapSize                              = 8510242816                                {product} {ergonomic}
   size_t MaxNewSize                               = 5104467968                                {product} {ergonomic}
   size_t MinHeapDeltaBytes                        = 4194304                                   {product} {ergonomic}
   size_t MinHeapSize                              = 8388608                                   {product} {ergonomic}
    uintx NonNMethodCodeHeapSize                   = 5839372                                {pd product} {ergonomic}
    uintx NonProfiledCodeHeapSize                  = 122909434                              {pd product} {ergonomic}
    uintx ProfiledCodeHeapSize                     = 122909434                              {pd product} {ergonomic}
    uintx ReservedCodeCacheSize                    = 251658240                              {pd product} {ergonomic}
     bool SegmentedCodeCache                       = true                                      {product} {ergonomic}
   size_t SoftMaxHeapSize                          = 8510242816                             {manageable} {ergonomic}
     bool UseCompressedClassPointers               = true                           {product lp64_product} {ergonomic}
     bool UseCompressedOops                        = true                           {product lp64_product} {ergonomic}
     bool UseG1GC                                  = true                                      {product} {ergonomic}
     bool UseLargePagesIndividualAllocation        = false                                  {pd product} {ergonomic}

Logging:
Log output configuration:
 #0: stdout all=warning uptime,level,tags
 #1: stderr all=off uptime,level,tags

Environment Variables:
JAVA_HOME=C:\ProgramData\Java\jdk-11
PATH=C:\ProgramData\Java\jdk-11\bin;C:\Program Files (x86)\Common Files\Oracle\Java\javapath;C:\Windows\system32;C:\Windows;C:\Windows\System32\Wbem;C:\Windows\System32\WindowsPowerShell\v1.0\;C:\Windows\System32\OpenSSH\;C:\Program Files (x86)\NVIDIA Corporation\PhysX\Common;C:\Windows\system32\config\systemprofile\AppData\Local\Microsoft\WindowsApps;C:\Program Files\nodejs\;C:\WINDOWS\system32;C:\WINDOWS;C:\WINDOWS\System32\Wbem;C:\WINDOWS\System32\WindowsPowerShell\v1.0\;C:\WINDOWS\System32\OpenSSH\;C:\Program Files\dotnet\;C:\Users\graham.kesley\AppData\Local\Microsoft\WindowsApps;C:\Users\graham.kesley\AppData\Local\Programs\Git\cmd;C:\Users\graham.kesley\AppData\Local\Programs\Microsoft VS Code\bin;C:\Users\graham.kesley\Gradle\gradle-8.5\bin;C:\Users\graham.kesley\AppData\Local\Packages\PythonSoftwareFoundation.Python.3.11_qbz5n2kfra8p0\LocalCache\local-packages\Python311\Scripts;
USERNAME=graham.kesley
OS=Windows_NT
PROCESSOR_IDENTIFIER=Intel64 Family 6 Model 154 Stepping 4, GenuineIntel
TMP=C:\Users\GRAHAM~1.KES\AppData\Local\Temp
TEMP=C:\Users\GRAHAM~1.KES\AppData\Local\Temp



---------------  S Y S T E M  ---------------

OS:
 Windows 11 , 64 bit Build 22621 (10.0.22621.4391)
OS uptime: 1 days 7:03 hours
Hyper-V role detected

CPU: total 12 (initial active 12) (6 cores per cpu, 2 threads per core) family 6 model 154 stepping 4 microcode 0x432, cx8, cmov, fxsr, ht, mmx, 3dnowpref, sse, sse2, sse3, ssse3, sse4.1, sse4.2, popcnt, lzcnt, tsc, tscinvbit, avx, avx2, aes, erms, clmul, bmi1, bmi2, adx, sha, fma, vzeroupper, clflush, clflushopt, clwb, hv

Memory: 4k page, system-wide physical 32452M (17322M free)
TotalPageFile size 37316M (AvailPageFile size 20056M)
current process WorkingSet (physical memory assigned to process): 37M, peak: 37M
current process commit charge ("private bytes"): 613M, peak: 614M

vm_info: OpenJDK 64-Bit Server VM (17.0.6+10-LTS) for windows-amd64 JRE (17.0.6+10-LTS), built on Jan 13 2023 22:57:04 by "Administrator" with MS VC++ 15.9 (VS2017)

END.
